[build_hourly_timeline_daily] Building hourly timeline for 2025-12-10 (UTC date)
[build_hourly_timeline_daily] Wrote hourly timeline to maicro_tmp.hourly_timeline_lawrence
[build_hourly_timeline_daily] Found 1 dates with missing hourly timeline; rebuilding...
[build_hourly_timeline_daily] Building hourly timeline for 2025-12-09 (UTC date)
[build_hourly_timeline_daily] Wrote hourly timeline to maicro_tmp.hourly_timeline_lawrence for 2025-12-09
[build_hourly_timeline_daily] Building hourly timeline for 2025-12-10 (UTC date)
[build_hourly_timeline_daily] Wrote hourly timeline to maicro_tmp.hourly_timeline_lawrence for 2025-12-10
[build_hourly_timeline_daily] No missing dates detected in maicro_tmp.hourly_timeline_lawrence.
[build_hourly_timeline_daily] Building hourly timeline for 2025-12-10 (UTC date)
[build_hourly_timeline_daily] Wrote hourly timeline to maicro_tmp.hourly_timeline_lawrence for 2025-12-10
[build_hourly_timeline_daily] Found 1 dates with missing hourly timeline; rebuilding...
[build_hourly_timeline_daily] Building hourly timeline for 2025-12-11 (UTC date)
[build_hourly_timeline_daily] Wrote hourly timeline to maicro_tmp.hourly_timeline_lawrence for 2025-12-11
[build_hourly_timeline_daily] Found 1 dates with missing hourly timeline; rebuilding...
[build_hourly_timeline_daily] Building hourly timeline for 2025-12-12 (UTC date)
[build_hourly_timeline_daily] Wrote hourly timeline to maicro_tmp.hourly_timeline_lawrence for 2025-12-12
[build_hourly_timeline_daily] Found 1 dates with missing hourly timeline; rebuilding...
[build_hourly_timeline_daily] Building hourly timeline for 2025-12-13 (UTC date)
[build_hourly_timeline_daily] Wrote hourly timeline to maicro_tmp.hourly_timeline_lawrence for 2025-12-13
[build_hourly_timeline_daily] Found 1 dates with missing hourly timeline; rebuilding...
[build_hourly_timeline_daily] Building hourly timeline for 2025-12-14 (UTC date)
[build_hourly_timeline_daily] Wrote hourly timeline to maicro_tmp.hourly_timeline_lawrence for 2025-12-14
[build_hourly_timeline_daily] Found 1 dates with missing hourly timeline; rebuilding...
[build_hourly_timeline_daily] Building hourly timeline for 2025-12-15 (UTC date)
[build_hourly_timeline_daily] Wrote hourly timeline to maicro_tmp.hourly_timeline_lawrence for 2025-12-15
[build_hourly_timeline_daily] Found 1 dates with missing hourly timeline; rebuilding...
[build_hourly_timeline_daily] Building hourly timeline for 2025-12-16 (UTC date)
[build_hourly_timeline_daily] Wrote hourly timeline to maicro_tmp.hourly_timeline_lawrence for 2025-12-16
[build_hourly_timeline_daily] Found 1 dates with missing hourly timeline; rebuilding...
[build_hourly_timeline_daily] Building hourly timeline for 2025-12-17 (UTC date)
[build_hourly_timeline_daily] Wrote hourly timeline to maicro_tmp.hourly_timeline_lawrence for 2025-12-17
[build_hourly_timeline_daily] Found 1 dates with missing hourly timeline; rebuilding...
[build_hourly_timeline_daily] Building hourly timeline for 2025-12-18 (UTC date)
[build_hourly_timeline_daily] Wrote hourly timeline to maicro_tmp.hourly_timeline_lawrence for 2025-12-18
[build_hourly_timeline_daily] Found 1 dates with missing hourly timeline; rebuilding...
[build_hourly_timeline_daily] Building hourly timeline for 2025-12-19 (UTC date)
[build_hourly_timeline_daily] Wrote hourly timeline to maicro_tmp.hourly_timeline_lawrence for 2025-12-19
[build_hourly_timeline_daily] Found 1 dates with missing hourly timeline; rebuilding...
[build_hourly_timeline_daily] Building hourly timeline for 2025-12-20 (UTC date)
[build_hourly_timeline_daily] Wrote hourly timeline to maicro_tmp.hourly_timeline_lawrence for 2025-12-20
[build_hourly_timeline_daily] Found 1 dates with missing hourly timeline; rebuilding...
[build_hourly_timeline_daily] Building hourly timeline for 2025-12-21 (UTC date)
[build_hourly_timeline_daily] Wrote hourly timeline to maicro_tmp.hourly_timeline_lawrence for 2025-12-21
[build_hourly_timeline_daily] Found 1 dates with missing hourly timeline; rebuilding...
[build_hourly_timeline_daily] Building hourly timeline for 2025-12-22 (UTC date)
[build_hourly_timeline_daily] Wrote hourly timeline to maicro_tmp.hourly_timeline_lawrence for 2025-12-22
