[pull_downsync_report_daily] Starting...
----- EMAIL BODY BEGIN -----
Maicro Cloud → chenlin down-sync report
=======================================
Started (UTC):  2025-12-11 12:02:00
Finished (UTC): 2025-12-11 12:03:01
Exit status:    OK

Captured output:
----------------
[pull_data_downward_from_cloud] Starting at 2025-12-11 12:02:00.228063

============================================================
Syncing database: hyperliquid
============================================================
Found 6 tables to sync.

--- Table: hyperliquid.api_data (Engine: SharedReplacingMergeTree) ---
  Table exists locally.
  Cursor override: using inserted_at
  Incremental sync from inserted_at > 2025-11-18 20:00:00...
  ✓ Synced 0 new rows

--- Table: hyperliquid.api_data_v2 (Engine: SharedReplacingMergeTree) ---
  Table exists locally.
  Cursor override: using inserted_at
  Incremental sync from inserted_at > 2025-11-02 02:48:07...
  ✓ Synced 0 new rows

--- Table: hyperliquid.asset_ctx (Engine: SharedReplacingMergeTree) ---
  Table exists locally.
  Cursor override: using time
  Incremental sync from time > 2025-09-30 23:59:00...
  ✓ Synced 0 new rows

--- Table: hyperliquid.market_data (Engine: SharedReplacingMergeTree) ---
  Table exists locally.
  No suitable cursor column; skipping incremental sync.

--- Table: hyperliquid.market_data_update (Engine: SharedReplacingMergeTree) ---
  Table exists locally.
  No suitable cursor column; skipping incremental sync.

--- Table: hyperliquid.upload_log (Engine: SharedMergeTree) ---
  Table exists locally.
  No suitable cursor column; skipping incremental sync.

============================================================
Syncing database: maicro_logs
============================================================
Found 10 tables to sync.

--- Table: maicro_logs.binance_update (Engine: SharedMergeTree) ---
  Table exists locally.
  Cursor override: using timestamp
  Incremental sync from timestamp > 2025-12-11 11:03:01...
  ✓ Synced 0 new rows

--- Table: maicro_logs.feature_store (Engine: SharedReplacingMergeTree) ---
  Table exists locally.
  Cursor override: using inserted_at
  Incremental sync from inserted_at > 2025-10-28 00:44:38...
  ✓ Synced 0 new rows

--- Table: maicro_logs.hl_meta (Engine: SharedMergeTree) ---
  Table exists locally.
  Cursor override: using updated_at
  Incremental sync from updated_at > 2025-12-02 01:01:59...
  ✓ Synced 0 new rows

--- Table: maicro_logs.live_account (Engine: SharedMergeTree) ---
  Table exists locally.
  Cursor override: using ts
  Incremental sync from ts > 2025-12-11 00:00:44...
  ✓ Synced 0 new rows

--- Table: maicro_logs.live_positions (Engine: SharedMergeTree) ---
  Table exists locally.
  Cursor override: using ts
  Incremental sync from ts > 2025-12-11 00:00:44...
  ✓ Synced 0 new rows

--- Table: maicro_logs.live_trades (Engine: SharedMergeTree) ---
  Table exists locally.
  Cursor override: using ts
  Incremental sync from ts > 2025-09-04 12:21:41...
  ✗ Error during incremental sync: Code: 20.
DB::Exception: Number of columns doesn't match (source: 14 and result: 12). Stack trace:

0. DB::Exception::Exception(DB::Exception::MessageMasked&&, int, bool) @ 0x0000000013e783df
1. DB::Exception::Exception(String&&, int, String, bool) @ 0x000000000cb3454e
2. DB::Exception::Exception(PreformattedMessage&&, int) @ 0x000000000cb34000
3. DB::Exception::Exception<unsigned long&, unsigned long&>(int, FormatStringHelperImpl<std::type_identity<unsigned long&>::type, std::type_identity<unsigned long&>::type>, unsigned long&, unsigned long&) @ 0x000000000dffe6ab
4. DB::ActionsDAG::makeConvertingActions(std::vector<DB::ColumnWithTypeAndName, std::allocator<DB::ColumnWithTypeAndName>> const&, std::vector<DB::ColumnWithTypeAndName, std::allocator<DB::ColumnWithTypeAndName>> const&, DB::ActionsDAG::MatchColumnsMode, bool, bool, std::unordered_map<String, String, std::hash<String>, std::equal_to<String>, std::allocator<std::pair<String const, String>>>*) @ 0x0000000017f69e45
5. DB::InterpreterInsertQuery::addInsertToSelectPipeline(DB::ASTInsertQuery&, std::shared_ptr<DB::IStorage>, DB::QueryPipelineBuilder&) @ 0x0000000018b08bd1
6. DB::InterpreterInsertQuery::execute() @ 0x0000000018b0e79e
7. DB::executeQueryImpl(char const*, char const*, std::shared_ptr<DB::Context>, DB::QueryFlags, DB::QueryProcessingStage::Enum, std::unique_ptr<DB::ReadBuffer, std::default_delete<DB::ReadBuffer>>&, std::shared_ptr<DB::IAST>&, std::shared_ptr<DB::ImplicitTransactionControlExecutor>, std::function<void ()>) @ 0x0000000018f68484
8. DB::executeQuery(String const&, std::shared_ptr<DB::Context>, DB::QueryFlags, DB::QueryProcessingStage::Enum) @ 0x0000000018f622b3
9. DB::TCPHandler::runImpl() @ 0x000000001a6e04b7
10. DB::TCPHandler::run() @ 0x000000001a702b19
11. Poco::Net::TCPServerConnection::start() @ 0x000000001f7c39c7
12. Poco::Net::TCPServerDispatcher::run() @ 0x000000001f7c3e59
13. Poco::PooledThread::run() @ 0x000000001f78a607
14. Poco::ThreadImpl::runnableEntry(void*) @ 0x000000001f788a01
15. start_thread @ 0x0000000000094ac3
16. clone3 @ 0x00000000001268c0


--- Table: maicro_logs.positions_jianan (skipped - deprecated) ---

--- Table: maicro_logs.positions_jianan_mistake_ignore (skipped - deprecated) ---

--- Table: maicro_logs.positions_jianan_v5 (skipped - deprecated) ---

--- Table: maicro_logs.positions_jianan_v6 (Engine: SharedReplacingMergeTree) ---
  Table exists locally.
  Cursor override: using inserted_at
  Incremental sync from inserted_at > 2025-12-11 09:20:40...
  ✓ Synced 0 new rows

============================================================
Syncing database: binance
============================================================
Found 11 tables to sync.

--- Table: binance.bn_funding_rates (Engine: SharedReplacingMergeTree) ---
  Table exists locally.
  Cursor override: using fundingTime
  Incremental sync from fundingTime > 2025-12-11 10:00:00...
  ✓ Synced 0 new rows

--- Table: binance.bn_margin_interest_rates (Engine: SharedReplacingMergeTree) ---
  Table exists locally.
  Cursor override: using timestamp
  Incremental sync from timestamp > 2025-06-22 22:00:00...
  ✓ Synced 0 new rows

--- Table: binance.bn_option_klines (Engine: SharedReplacingMergeTree) ---
  Table exists locally.
  Cursor override: using timestamp
  Incremental sync from timestamp > 2025-12-11 10:00:00...
  ✓ Synced 0 new rows

--- Table: binance.bn_option_symbols_active (Engine: SharedReplacingMergeTree) ---
  Table exists locally.
  Cursor override: using expiryDate
  Incremental sync from expiryDate > 2026-09-25 08:00:00...
  ✓ Synced 0 new rows

--- Table: binance.bn_option_symbols_exercised (Engine: SharedReplacingMergeTree) ---
  Table exists locally.
  Cursor override: using expiryDate
  Incremental sync from expiryDate > 2025-12-11 08:00:00...
  ✓ Synced 0 new rows

--- Table: binance.bn_perp_klines (Engine: SharedReplacingMergeTree) ---
  Table exists locally.
  Cursor override: using timestamp
  Incremental sync from timestamp > 2025-12-11 10:00:00...
  ✓ Synced 0 new rows

--- Table: binance.bn_perp_symbols (Engine: SharedReplacingMergeTree) ---
  Table exists locally.
  Cursor override: using onboard_date
  Incremental sync from onboard_date > 2025-12-10 11:00:00...
  ✓ Synced 0 new rows

--- Table: binance.bn_premium (Engine: SharedReplacingMergeTree) ---
  Table exists locally.
  Cursor override: using timestamp
  Incremental sync from timestamp > 1970-01-01 00:00:00...
  ✓ Synced 0 new rows

--- Table: binance.bn_spot_klines (Engine: SharedReplacingMergeTree) ---
  Table exists locally.
  Cursor override: using timestamp
  Incremental sync from timestamp > 2025-12-11 10:00:00...
  ✓ Synced 0 new rows

--- Table: binance.bn_spot_symbols (Engine: SharedReplacingMergeTree) ---
  Table exists locally.
  No suitable cursor column; skipping incremental sync.

--- Table: binance.cg_coin_data (Engine: SharedReplacingMergeTree) ---
  Table exists locally.
  Cursor override: using last_updated
  Incremental sync from last_updated > 2106-02-06 22:28:16...
  ✓ Synced 0 new rows

============================================================
Syncing database: maicro_monitors
============================================================
Found 10 tables to sync.

--- Table: maicro_monitors.account_snapshots (Engine: SharedMergeTree) ---
  Table exists locally.
  Cursor override: using timestamp
  Incremental sync from timestamp > 2025-12-11 09:45:08...
  ✓ Synced 4 new rows

--- Table: maicro_monitors.candles (Engine: SharedReplacingMergeTree) ---
  Table exists locally.
  Cursor override: using updated_at
  Incremental sync from updated_at > 2025-12-11 10:00:39...
  ✓ Synced 0 new rows

--- Table: maicro_monitors.funding_payments (Engine: SharedReplacingMergeTree) ---
  Table exists locally.
  Cursor override: using time
  Incremental sync from time > 2025-12-08 01:00:00...
  ✓ Synced 90 new rows

--- Table: maicro_monitors.hl_meta (Engine: SharedMergeTree) ---
  Table exists locally.
  Cursor override: using updated_at
  Incremental sync from updated_at > 2025-12-11 10:00:09...
  ✓ Synced 0 new rows

--- Table: maicro_monitors.ledger_updates (Engine: SharedReplacingMergeTree) ---
  Table exists locally.
  Cursor override: using time
  Incremental sync from time > 2025-09-08 22:04:46...
  ✓ Synced 3 new rows

--- Table: maicro_monitors.orders (Engine: SharedReplacingMergeTree) ---
  Table exists locally.
  Cursor override: using timestamp
  Incremental sync from timestamp > 2025-12-11 00:01:57...
  ✓ Synced 4 new rows

--- Table: maicro_monitors.positions_snapshots (Engine: SharedMergeTree) ---
  Table exists locally.
  Cursor override: using timestamp
  Incremental sync from timestamp > 2025-12-11 09:45:08...
  ✓ Synced 104 new rows

--- Table: maicro_monitors.tracking_error (Engine: SharedReplacingMergeTree) ---
  Table exists locally.
  Cursor override: using timestamp
  Incremental sync from timestamp > 2025-12-08 08:40:39...
  ✓ Synced 0 new rows

--- Table: maicro_monitors.tracking_error_multilag (Engine: SharedReplacingMergeTree) ---
  Table exists locally.
  Inferred cursor column: timestamp
  Incremental sync from timestamp > 2025-12-11 00:00:01...
  ✓ Synced 0 new rows

--- Table: maicro_monitors.trades (Engine: SharedReplacingMergeTree) ---
  Table exists locally.
  Cursor override: using time
  Incremental sync from time > 2025-12-11 00:01:57...
  ✓ Synced 4 new rows
[pull_data_downward_from_cloud] Done at 2025-12-11 12:03:01.141345

----- EMAIL BODY END -----
Sending down-sync report email to alanpaulkwan@gmail.com...
Down-sync email sent successfully.
[pull_downsync_report_daily] Done.
[pull_downsync_report_daily] Starting...
----- EMAIL BODY BEGIN -----
Maicro Cloud → chenlin down-sync report
=======================================
Started (UTC):  2025-12-11 16:00:01
Finished (UTC): 2025-12-11 16:01:03
Exit status:    OK

Captured output:
----------------
[pull_data_downward_from_cloud] Starting at 2025-12-11 16:00:01.729085

============================================================
Syncing database: hyperliquid
============================================================
Found 6 tables to sync.

--- Table: hyperliquid.api_data (Engine: SharedReplacingMergeTree) ---
  Table exists locally.
  Cursor override: using inserted_at
  Incremental sync from inserted_at > 2025-11-18 20:00:00...
  ✓ Synced 0 new rows

--- Table: hyperliquid.api_data_v2 (Engine: SharedReplacingMergeTree) ---
  Table exists locally.
  Cursor override: using inserted_at
  Incremental sync from inserted_at > 2025-11-02 02:48:07...
  ✓ Synced 0 new rows

--- Table: hyperliquid.asset_ctx (Engine: SharedReplacingMergeTree) ---
  Table exists locally.
  Cursor override: using time
  Incremental sync from time > 2025-09-30 23:59:00...
  ✓ Synced 0 new rows

--- Table: hyperliquid.market_data (Engine: SharedReplacingMergeTree) ---
  Table exists locally.
  No suitable cursor column; skipping incremental sync.

--- Table: hyperliquid.market_data_update (Engine: SharedReplacingMergeTree) ---
  Table exists locally.
  No suitable cursor column; skipping incremental sync.

--- Table: hyperliquid.upload_log (Engine: SharedMergeTree) ---
  Table exists locally.
  No suitable cursor column; skipping incremental sync.

============================================================
Syncing database: maicro_logs
============================================================
Found 10 tables to sync.

--- Table: maicro_logs.binance_update (Engine: SharedMergeTree) ---
  Table exists locally.
  Cursor override: using timestamp
  Incremental sync from timestamp > 2025-12-11 11:03:01...
  ✓ Synced 4 new rows

--- Table: maicro_logs.feature_store (Engine: SharedReplacingMergeTree) ---
  Table exists locally.
  Cursor override: using inserted_at
  Incremental sync from inserted_at > 2025-10-28 00:44:38...
  ✓ Synced 0 new rows

--- Table: maicro_logs.hl_meta (Engine: SharedMergeTree) ---
  Table exists locally.
  Cursor override: using updated_at
  Incremental sync from updated_at > 2025-12-02 01:01:59...
  ✓ Synced 0 new rows

--- Table: maicro_logs.live_account (Engine: SharedMergeTree) ---
  Table exists locally.
  Cursor override: using ts
  Incremental sync from ts > 2025-12-11 00:00:44...
  ✓ Synced 0 new rows

--- Table: maicro_logs.live_positions (Engine: SharedMergeTree) ---
  Table exists locally.
  Cursor override: using ts
  Incremental sync from ts > 2025-12-11 00:00:44...
  ✓ Synced 0 new rows

--- Table: maicro_logs.live_trades (Engine: SharedMergeTree) ---
  Table exists locally.
  Cursor override: using ts
  Incremental sync from ts > 2025-09-04 12:21:41...
  ✗ Error during incremental sync: Code: 20.
DB::Exception: Number of columns doesn't match (source: 14 and result: 12). Stack trace:

0. DB::Exception::Exception(DB::Exception::MessageMasked&&, int, bool) @ 0x0000000013e783df
1. DB::Exception::Exception(String&&, int, String, bool) @ 0x000000000cb3454e
2. DB::Exception::Exception(PreformattedMessage&&, int) @ 0x000000000cb34000
3. DB::Exception::Exception<unsigned long&, unsigned long&>(int, FormatStringHelperImpl<std::type_identity<unsigned long&>::type, std::type_identity<unsigned long&>::type>, unsigned long&, unsigned long&) @ 0x000000000dffe6ab
4. DB::ActionsDAG::makeConvertingActions(std::vector<DB::ColumnWithTypeAndName, std::allocator<DB::ColumnWithTypeAndName>> const&, std::vector<DB::ColumnWithTypeAndName, std::allocator<DB::ColumnWithTypeAndName>> const&, DB::ActionsDAG::MatchColumnsMode, bool, bool, std::unordered_map<String, String, std::hash<String>, std::equal_to<String>, std::allocator<std::pair<String const, String>>>*) @ 0x0000000017f69e45
5. DB::InterpreterInsertQuery::addInsertToSelectPipeline(DB::ASTInsertQuery&, std::shared_ptr<DB::IStorage>, DB::QueryPipelineBuilder&) @ 0x0000000018b08bd1
6. DB::InterpreterInsertQuery::execute() @ 0x0000000018b0e79e
7. DB::executeQueryImpl(char const*, char const*, std::shared_ptr<DB::Context>, DB::QueryFlags, DB::QueryProcessingStage::Enum, std::unique_ptr<DB::ReadBuffer, std::default_delete<DB::ReadBuffer>>&, std::shared_ptr<DB::IAST>&, std::shared_ptr<DB::ImplicitTransactionControlExecutor>, std::function<void ()>) @ 0x0000000018f68484
8. DB::executeQuery(String const&, std::shared_ptr<DB::Context>, DB::QueryFlags, DB::QueryProcessingStage::Enum) @ 0x0000000018f622b3
9. DB::TCPHandler::runImpl() @ 0x000000001a6e04b7
10. DB::TCPHandler::run() @ 0x000000001a702b19
11. Poco::Net::TCPServerConnection::start() @ 0x000000001f7c39c7
12. Poco::Net::TCPServerDispatcher::run() @ 0x000000001f7c3e59
13. Poco::PooledThread::run() @ 0x000000001f78a607
14. Poco::ThreadImpl::runnableEntry(void*) @ 0x000000001f788a01
15. start_thread @ 0x0000000000094ac3
16. clone3 @ 0x00000000001268c0


--- Table: maicro_logs.positions_jianan (skipped - deprecated) ---

--- Table: maicro_logs.positions_jianan_mistake_ignore (skipped - deprecated) ---

--- Table: maicro_logs.positions_jianan_v5 (skipped - deprecated) ---

--- Table: maicro_logs.positions_jianan_v6 (Engine: SharedReplacingMergeTree) ---
  Table exists locally.
  Cursor override: using inserted_at
  Incremental sync from inserted_at > 2025-12-11 09:20:40...
  ✓ Synced 376246 new rows

============================================================
Syncing database: binance
============================================================
Found 11 tables to sync.

--- Table: binance.bn_funding_rates (Engine: SharedReplacingMergeTree) ---
  Table exists locally.
  Cursor override: using fundingTime
  Incremental sync from fundingTime > 2025-12-11 10:00:00...
  ✓ Synced 500 new rows

--- Table: binance.bn_margin_interest_rates (Engine: SharedReplacingMergeTree) ---
  Table exists locally.
  Cursor override: using timestamp
  Incremental sync from timestamp > 2025-06-22 22:00:00...
  ✓ Synced 0 new rows

--- Table: binance.bn_option_klines (Engine: SharedReplacingMergeTree) ---
  Table exists locally.
  Cursor override: using timestamp
  Incremental sync from timestamp > 2025-12-11 10:00:00...
  ✓ Synced 5201 new rows

--- Table: binance.bn_option_symbols_active (Engine: SharedReplacingMergeTree) ---
  Table exists locally.
  Cursor override: using expiryDate
  Incremental sync from expiryDate > 2026-09-25 08:00:00...
  ✓ Synced 0 new rows

--- Table: binance.bn_option_symbols_exercised (Engine: SharedReplacingMergeTree) ---
  Table exists locally.
  Cursor override: using expiryDate
  Incremental sync from expiryDate > 2025-12-11 08:00:00...
  ✓ Synced 0 new rows

--- Table: binance.bn_perp_klines (Engine: SharedReplacingMergeTree) ---
  Table exists locally.
  Cursor override: using timestamp
  Incremental sync from timestamp > 2025-12-11 10:00:00...
  ✓ Synced 2837 new rows

--- Table: binance.bn_perp_symbols (Engine: SharedReplacingMergeTree) ---
  Table exists locally.
  Cursor override: using onboard_date
  Incremental sync from onboard_date > 2025-12-10 11:00:00...
  ✓ Synced 0 new rows

--- Table: binance.bn_premium (Engine: SharedReplacingMergeTree) ---
  Table exists locally.
  Cursor override: using timestamp
  Incremental sync from timestamp > 1970-01-01 00:00:00...
  ✓ Synced 0 new rows

--- Table: binance.bn_spot_klines (Engine: SharedReplacingMergeTree) ---
  Table exists locally.
  Cursor override: using timestamp
  Incremental sync from timestamp > 2025-12-11 10:00:00...
  ✓ Synced 3590 new rows

--- Table: binance.bn_spot_symbols (Engine: SharedReplacingMergeTree) ---
  Table exists locally.
  No suitable cursor column; skipping incremental sync.

--- Table: binance.cg_coin_data (Engine: SharedReplacingMergeTree) ---
  Table exists locally.
  Cursor override: using last_updated
  Incremental sync from last_updated > 2106-02-06 22:28:16...
  ✓ Synced 0 new rows

============================================================
Syncing database: maicro_monitors
============================================================
Found 10 tables to sync.

--- Table: maicro_monitors.account_snapshots (Engine: SharedMergeTree) ---
  Table exists locally.
  Cursor override: using timestamp
  Incremental sync from timestamp > 2025-12-11 15:45:08...
  ✓ Synced 2 new rows

--- Table: maicro_monitors.candles (Engine: SharedReplacingMergeTree) ---
  Table exists locally.
  Cursor override: using updated_at
  Incremental sync from updated_at > 2025-12-11 13:00:33...
  ✓ Synced 360 new rows

--- Table: maicro_monitors.funding_payments (Engine: SharedReplacingMergeTree) ---
  Table exists locally.
  Cursor override: using time
  Incremental sync from time > 2025-12-08 01:00:00...
  ✓ Synced 60 new rows

--- Table: maicro_monitors.hl_meta (Engine: SharedMergeTree) ---
  Table exists locally.
  Cursor override: using updated_at
  Incremental sync from updated_at > 2025-12-11 13:00:13...
  ✓ Synced 0 new rows

--- Table: maicro_monitors.ledger_updates (Engine: SharedReplacingMergeTree) ---
  Table exists locally.
  Cursor override: using time
  Incremental sync from time > 2025-09-08 22:04:46...
  ✓ Synced 2 new rows

--- Table: maicro_monitors.orders (Engine: SharedReplacingMergeTree) ---
  Table exists locally.
  Cursor override: using timestamp
  Incremental sync from timestamp > 2025-12-11 00:01:57...
  ✓ Synced 2 new rows

--- Table: maicro_monitors.positions_snapshots (Engine: SharedMergeTree) ---
  Table exists locally.
  Cursor override: using timestamp
  Incremental sync from timestamp > 2025-12-11 15:45:08...
  ✓ Synced 52 new rows

--- Table: maicro_monitors.tracking_error (Engine: SharedReplacingMergeTree) ---
  Table exists locally.
  Cursor override: using timestamp
  Incremental sync from timestamp > 2025-12-08 08:40:39...
  ✓ Synced 0 new rows

--- Table: maicro_monitors.tracking_error_multilag (Engine: SharedReplacingMergeTree) ---
  Table exists locally.
  Inferred cursor column: timestamp
  Incremental sync from timestamp > 2025-12-11 00:00:01...
  ✓ Synced 0 new rows

--- Table: maicro_monitors.trades (Engine: SharedReplacingMergeTree) ---
  Table exists locally.
  Cursor override: using time
  Incremental sync from time > 2025-12-11 00:01:57...
  ✓ Synced 2 new rows
[pull_data_downward_from_cloud] Done at 2025-12-11 16:01:03.764596

----- EMAIL BODY END -----
Sending down-sync report email to alanpaulkwan@gmail.com...
Down-sync email sent successfully.
[pull_downsync_report_daily] Done.
[pull_downsync_report_daily] Starting...
----- EMAIL BODY BEGIN -----
Maicro Cloud → chenlin down-sync report
=======================================
Started (UTC):  2025-12-11 22:00:02
Finished (UTC): 2025-12-11 22:01:11
Exit status:    OK

Captured output:
----------------
[pull_data_downward_from_cloud] Starting at 2025-12-11 22:00:02.257786

============================================================
Syncing database: hyperliquid
============================================================
Found 6 tables to sync.

--- Table: hyperliquid.api_data (Engine: SharedReplacingMergeTree) ---
  Table exists locally.
  Cursor override: using inserted_at
  Incremental sync from inserted_at > 2025-11-18 20:00:00...
  ✓ Synced 0 new rows

--- Table: hyperliquid.api_data_v2 (Engine: SharedReplacingMergeTree) ---
  Table exists locally.
  Cursor override: using inserted_at
  Incremental sync from inserted_at > 2025-11-02 02:48:07...
  ✓ Synced 0 new rows

--- Table: hyperliquid.asset_ctx (Engine: SharedReplacingMergeTree) ---
  Table exists locally.
  Cursor override: using time
  Incremental sync from time > 2025-09-30 23:59:00...
  ✓ Synced 0 new rows

--- Table: hyperliquid.market_data (Engine: SharedReplacingMergeTree) ---
  Table exists locally.
  No suitable cursor column; skipping incremental sync.

--- Table: hyperliquid.market_data_update (Engine: SharedReplacingMergeTree) ---
  Table exists locally.
  No suitable cursor column; skipping incremental sync.

--- Table: hyperliquid.upload_log (Engine: SharedMergeTree) ---
  Table exists locally.
  No suitable cursor column; skipping incremental sync.

============================================================
Syncing database: maicro_logs
============================================================
Found 10 tables to sync.

--- Table: maicro_logs.binance_update (Engine: SharedMergeTree) ---
  Table exists locally.
  Cursor override: using timestamp
  Incremental sync from timestamp > 2025-12-11 15:41:56...
  ✓ Synced 5 new rows

--- Table: maicro_logs.feature_store (Engine: SharedReplacingMergeTree) ---
  Table exists locally.
  Cursor override: using inserted_at
  Incremental sync from inserted_at > 2025-10-28 00:44:38...
  ✓ Synced 0 new rows

--- Table: maicro_logs.hl_meta (Engine: SharedMergeTree) ---
  Table exists locally.
  Cursor override: using updated_at
  Incremental sync from updated_at > 2025-12-02 01:01:59...
  ✓ Synced 0 new rows

--- Table: maicro_logs.live_account (Engine: SharedMergeTree) ---
  Table exists locally.
  Cursor override: using ts
  Incremental sync from ts > 2025-12-11 00:00:44...
  ✓ Synced 0 new rows

--- Table: maicro_logs.live_positions (Engine: SharedMergeTree) ---
  Table exists locally.
  Cursor override: using ts
  Incremental sync from ts > 2025-12-11 00:00:44...
  ✓ Synced 0 new rows

--- Table: maicro_logs.live_trades (Engine: SharedMergeTree) ---
  Table exists locally.
  Cursor override: using ts
  Incremental sync from ts > 2025-09-04 12:21:41...
  ✗ Error during incremental sync: Code: 20.
DB::Exception: Number of columns doesn't match (source: 14 and result: 12). Stack trace:

0. DB::Exception::Exception(DB::Exception::MessageMasked&&, int, bool) @ 0x0000000013e783df
1. DB::Exception::Exception(String&&, int, String, bool) @ 0x000000000cb3454e
2. DB::Exception::Exception(PreformattedMessage&&, int) @ 0x000000000cb34000
3. DB::Exception::Exception<unsigned long&, unsigned long&>(int, FormatStringHelperImpl<std::type_identity<unsigned long&>::type, std::type_identity<unsigned long&>::type>, unsigned long&, unsigned long&) @ 0x000000000dffe6ab
4. DB::ActionsDAG::makeConvertingActions(std::vector<DB::ColumnWithTypeAndName, std::allocator<DB::ColumnWithTypeAndName>> const&, std::vector<DB::ColumnWithTypeAndName, std::allocator<DB::ColumnWithTypeAndName>> const&, DB::ActionsDAG::MatchColumnsMode, bool, bool, std::unordered_map<String, String, std::hash<String>, std::equal_to<String>, std::allocator<std::pair<String const, String>>>*) @ 0x0000000017f69e45
5. DB::InterpreterInsertQuery::addInsertToSelectPipeline(DB::ASTInsertQuery&, std::shared_ptr<DB::IStorage>, DB::QueryPipelineBuilder&) @ 0x0000000018b08bd1
6. DB::InterpreterInsertQuery::execute() @ 0x0000000018b0e79e
7. DB::executeQueryImpl(char const*, char const*, std::shared_ptr<DB::Context>, DB::QueryFlags, DB::QueryProcessingStage::Enum, std::unique_ptr<DB::ReadBuffer, std::default_delete<DB::ReadBuffer>>&, std::shared_ptr<DB::IAST>&, std::shared_ptr<DB::ImplicitTransactionControlExecutor>, std::function<void ()>) @ 0x0000000018f68484
8. DB::executeQuery(String const&, std::shared_ptr<DB::Context>, DB::QueryFlags, DB::QueryProcessingStage::Enum) @ 0x0000000018f622b3
9. DB::TCPHandler::runImpl() @ 0x000000001a6e04b7
10. DB::TCPHandler::run() @ 0x000000001a702b19
11. Poco::Net::TCPServerConnection::start() @ 0x000000001f7c39c7
12. Poco::Net::TCPServerDispatcher::run() @ 0x000000001f7c3e59
13. Poco::PooledThread::run() @ 0x000000001f78a607
14. Poco::ThreadImpl::runnableEntry(void*) @ 0x000000001f788a01
15. start_thread @ 0x0000000000094ac3
16. clone3 @ 0x00000000001268c0


--- Table: maicro_logs.positions_jianan (skipped - deprecated) ---

--- Table: maicro_logs.positions_jianan_mistake_ignore (skipped - deprecated) ---

--- Table: maicro_logs.positions_jianan_v5 (skipped - deprecated) ---

--- Table: maicro_logs.positions_jianan_v6 (Engine: SharedReplacingMergeTree) ---
  Table exists locally.
  Cursor override: using inserted_at
  Incremental sync from inserted_at > 2025-12-11 14:55:30...
  ✓ Synced 376246 new rows

============================================================
Syncing database: binance
============================================================
Found 11 tables to sync.

--- Table: binance.bn_funding_rates (Engine: SharedReplacingMergeTree) ---
  Table exists locally.
  Cursor override: using fundingTime
  Incremental sync from fundingTime > 2025-12-11 15:00:00...
  ✓ Synced 1067 new rows

--- Table: binance.bn_margin_interest_rates (Engine: SharedReplacingMergeTree) ---
  Table exists locally.
  Cursor override: using timestamp
  Incremental sync from timestamp > 2025-06-22 22:00:00...
  ✓ Synced 0 new rows

--- Table: binance.bn_option_klines (Engine: SharedReplacingMergeTree) ---
  Table exists locally.
  Cursor override: using timestamp
  Incremental sync from timestamp > 2025-12-11 15:00:00...
  ✓ Synced 6318 new rows

--- Table: binance.bn_option_symbols_active (Engine: SharedReplacingMergeTree) ---
  Table exists locally.
  Cursor override: using expiryDate
  Incremental sync from expiryDate > 2026-09-25 08:00:00...
  ✓ Synced 0 new rows

--- Table: binance.bn_option_symbols_exercised (Engine: SharedReplacingMergeTree) ---
  Table exists locally.
  Cursor override: using expiryDate
  Incremental sync from expiryDate > 2025-12-11 08:00:00...
  ✓ Synced 0 new rows

--- Table: binance.bn_perp_klines (Engine: SharedReplacingMergeTree) ---
  Table exists locally.
  Cursor override: using timestamp
  Incremental sync from timestamp > 2025-12-11 15:00:00...
  ✓ Synced 3402 new rows

--- Table: binance.bn_perp_symbols (Engine: SharedReplacingMergeTree) ---
  Table exists locally.
  Cursor override: using onboard_date
  Incremental sync from onboard_date > 2025-12-10 11:00:00...
  ✓ Synced 0 new rows

--- Table: binance.bn_premium (Engine: SharedReplacingMergeTree) ---
  Table exists locally.
  Cursor override: using timestamp
  Incremental sync from timestamp > 1970-01-01 00:00:00...
  ✓ Synced 0 new rows

--- Table: binance.bn_spot_klines (Engine: SharedReplacingMergeTree) ---
  Table exists locally.
  Cursor override: using timestamp
  Incremental sync from timestamp > 2025-12-11 15:00:00...
  ✓ Synced 4308 new rows

--- Table: binance.bn_spot_symbols (Engine: SharedReplacingMergeTree) ---
  Table exists locally.
  No suitable cursor column; skipping incremental sync.

--- Table: binance.cg_coin_data (Engine: SharedReplacingMergeTree) ---
  Table exists locally.
  Cursor override: using last_updated
  Incremental sync from last_updated > 2106-02-06 22:28:16...
  ✓ Synced 0 new rows

============================================================
Syncing database: maicro_monitors
============================================================
Found 10 tables to sync.

--- Table: maicro_monitors.account_snapshots (Engine: SharedMergeTree) ---
  Table exists locally.
  Cursor override: using timestamp
  Incremental sync from timestamp > 2025-12-11 21:45:10...
  ✓ Synced 2 new rows

--- Table: maicro_monitors.candles (Engine: SharedReplacingMergeTree) ---
  Table exists locally.
  Cursor override: using updated_at
  Incremental sync from updated_at > 2025-12-11 22:00:32...
  ✓ Synced 360 new rows

--- Table: maicro_monitors.funding_payments (Engine: SharedReplacingMergeTree) ---
  Table exists locally.
  Cursor override: using time
  Incremental sync from time > 2025-12-08 01:00:00...
  ✓ Synced 60 new rows

--- Table: maicro_monitors.hl_meta (Engine: SharedMergeTree) ---
  Table exists locally.
  Cursor override: using updated_at
  Incremental sync from updated_at > 2025-12-11 22:00:13...
  ✓ Synced 0 new rows

--- Table: maicro_monitors.ledger_updates (Engine: SharedReplacingMergeTree) ---
  Table exists locally.
  Cursor override: using time
  Incremental sync from time > 2025-09-08 22:04:46...
  ✓ Synced 3 new rows

--- Table: maicro_monitors.orders (Engine: SharedReplacingMergeTree) ---
  Table exists locally.
  Cursor override: using timestamp
  Incremental sync from timestamp > 2025-12-11 00:01:57...
  ✓ Synced 2 new rows

--- Table: maicro_monitors.positions_snapshots (Engine: SharedMergeTree) ---
  Table exists locally.
  Cursor override: using timestamp
  Incremental sync from timestamp > 2025-12-11 21:45:10...
  ✓ Synced 52 new rows

--- Table: maicro_monitors.tracking_error (Engine: SharedReplacingMergeTree) ---
  Table exists locally.
  Cursor override: using timestamp
  Incremental sync from timestamp > 2025-12-08 08:40:39...
  ✓ Synced 0 new rows

--- Table: maicro_monitors.tracking_error_multilag (Engine: SharedReplacingMergeTree) ---
  Table exists locally.
  Inferred cursor column: timestamp
  Incremental sync from timestamp > 2025-12-11 00:00:01...
  ✓ Synced 0 new rows

--- Table: maicro_monitors.trades (Engine: SharedReplacingMergeTree) ---
  Table exists locally.
  Cursor override: using time
  Incremental sync from time > 2025-12-11 00:01:57...
  ✓ Synced 2 new rows
[pull_data_downward_from_cloud] Done at 2025-12-11 22:01:11.788806

----- EMAIL BODY END -----
Sending down-sync report email to alanpaulkwan@gmail.com...
Down-sync email sent successfully.
[pull_downsync_report_daily] Done.
